<?xml version="1.0" encoding="UTF-8"?>
<!-- Generated by org.testng.reporters.JUnitReportReporter -->
<testsuite skipped="0" hostname="LAPTOP-FT1A29EQ" name="com.POM.MyProject_POM.HomePageTest" tests="3" failures="0" timestamp="20 Jun 2021 20:06:42 GMT" time="0.276" errors="0">
  <testcase name="verifyHomePageTitleTest" time="0.017" classname="com.POM.MyProject_POM.HomePageTest"/>
  <testcase name="verifyUserNameTest" time="0.063" classname="com.POM.MyProject_POM.HomePageTest"/>
  <testcase name="verifyContactsLinkTest" time="0.196" classname="com.POM.MyProject_POM.HomePageTest"/>
</testsuite> <!-- com.POM.MyProject_POM.HomePageTest -->
