<?xml version="1.0" encoding="UTF-8"?>
<!-- Generated by org.testng.reporters.JUnitReportReporter -->
<testsuite skipped="0" hostname="LAPTOP-FT1A29EQ" name="com.POM.MyProject_POM.LoginPageTest" tests="3" failures="0" timestamp="20 Jun 2021 20:06:42 GMT" time="22.427" errors="0">
  <testcase name="loginPageTitleTest" time="6.054" classname="com.POM.MyProject_POM.LoginPageTest"/>
  <testcase name="crmLogoImageTest" time="6.627" classname="com.POM.MyProject_POM.LoginPageTest"/>
  <testcase name="loginTest" time="9.746" classname="com.POM.MyProject_POM.LoginPageTest"/>
</testsuite> <!-- com.POM.MyProject_POM.LoginPageTest -->
