<?xml version="1.0" encoding="UTF-8"?>
<!-- Generated by org.testng.reporters.JUnitReportReporter -->
<testsuite skipped="0" hostname="LAPTOP-FT1A29EQ" name="com.POM.MyProject_POM.ContactsPageTest" tests="6" failures="0" timestamp="20 Jun 2021 20:16:42 GMT" time="66.748" errors="0">
  <testcase name="verifyContactsPageLabel" time="10.018" classname="com.POM.MyProject_POM.ContactsPageTest"/>
  <testcase name="selectSingleContactsTest" time="10.072" classname="com.POM.MyProject_POM.ContactsPageTest"/>
  <testcase name="selectMultipleContactsTest" time="11.769" classname="com.POM.MyProject_POM.ContactsPageTest"/>
  <testcase name="validateCreateNewContact" time="12.249" classname="com.POM.MyProject_POM.ContactsPageTest"/>
  <testcase name="validateCreateNewContact" time="11.272" classname="com.POM.MyProject_POM.ContactsPageTest"/>
  <testcase name="validateCreateNewContact" time="11.368" classname="com.POM.MyProject_POM.ContactsPageTest"/>
</testsuite> <!-- com.POM.MyProject_POM.ContactsPageTest -->
